<?xml version="1.0" encoding="UTF-8"?>
<testng-results skipped="0" failed="0" total="1" passed="1">
  <reporter-output>
  </reporter-output>
  <suite name="Default suite" duration-ms="11285" started-at="2022-04-13T21:03:33Z" finished-at="2022-04-13T21:03:45Z">
    <groups>
    </groups>
    <test name="Default test" duration-ms="11285" started-at="2022-04-13T21:03:33Z" finished-at="2022-04-13T21:03:45Z">
      <class name="com.prac1.element.ExtentRep2">
        <test-method status="PASS" signature="browserLaunch()[pri:0, instance:com.prac1.element.ExtentRep2@43a25848]" name="browserLaunch" is-config="true" duration-ms="5428" started-at="2022-04-14T02:33:33Z" finished-at="2022-04-14T02:33:39Z">
          <reporter-output>
          </reporter-output>
        </test-method> <!-- browserLaunch -->
        <test-method status="PASS" signature="extentRepSrc()[pri:0, instance:com.prac1.element.ExtentRep2@43a25848]" name="extentRepSrc" duration-ms="5854" started-at="2022-04-14T02:33:39Z" finished-at="2022-04-14T02:33:45Z">
          <reporter-output>
          </reporter-output>
        </test-method> <!-- extentRepSrc -->
      </class> <!-- com.prac1.element.ExtentRep2 -->
    </test> <!-- Default test -->
  </suite> <!-- Default suite -->
</testng-results>
